00:24:23 **** Incremental Build of configuration Debug for project 01_STM ****
make -j12 all 
arm-none-eabi-gcc "../Core/Src/main.c" -mcpu=cortex-m7 -std=gnu11 -g3 -DDEBUG -DUSE_HAL_DRIVER -DSTM32F746xx -c -I../Core/Inc -I../Drivers/STM32F7xx_HAL_Driver/Inc -I../Drivers/STM32F7xx_HAL_Driver/Inc/Legacy -I../Drivers/CMSIS/Device/ST/STM32F7xx/Include -I../Drivers/CMSIS/Include -I"E:/___STUDIA/__________AKTUALNE/SM/Projekt/ws/01_STM/Components/Inc" -I../FATFS/Target -I../FATFS/App -I../Middlewares/Third_Party/FatFs/src -I../Middlewares/Third_Party/ARM_CMSIS/CMSIS/Core/Include/ -I../Middlewares/Third_Party/ARM_CMSIS/CMSIS/Core_A/Include/ -I../Middlewares/Third_Party/ARM_CMSIS/CMSIS/DSP/Include -O0 -ffunction-sections -fdata-sections -Wall -fstack-usage -fcyclomatic-complexity -MMD -MP -MF"Core/Src/main.d" -MT"Core/Src/main.o" --specs=nano.specs -mfpu=fpv5-sp-d16 -mfloat-abi=hard -mthumb -o "Core/Src/main.o"
arm-none-eabi-gcc -o "01_STM.elf" @"objects.list"  -larm_cortexM7lfsp_math -mcpu=cortex-m7 -T"E:\___STUDIA\__________AKTUALNE\SM\Projekt\ws\01_STM\STM32F746ZGTX_FLASH.ld" --specs=nosys.specs -Wl,-Map="01_STM.map" -Wl,--gc-sections -static -L"E:\___STUDIA\__________AKTUALNE\SM\Projekt\ws\01_STM\Lib\CMSIS_ARM" --specs=nano.specs -mfpu=fpv5-sp-d16 -mfloat-abi=hard -mthumb -u _printf_float -u _scanf_float -Wl,--start-group -lc -lm -Wl,--end-group
D:/Program Files/ST/STM32CubeIDE_1.13.2/STM32CubeIDE/plugins/com.st.stm32cube.ide.mcu.externaltools.gnu-tools-for-stm32.11.3.rel1.win32_1.1.1.202309131626/tools/bin/../lib/gcc/arm-none-eabi/11.3.1/../../../../arm-none-eabi/bin/ld.exe: ./Core/Src/main.o:E:/___STUDIA/__________AKTUALNE/SM/Projekt/ws/01_STM/Debug/../Core/Src/main.c:57: multiple definition of `hbfr'; ./Components/Src/init.o:E:/___STUDIA/__________AKTUALNE/SM/Projekt/ws/01_STM/Debug/../Components/Src/init.c:16: first defined here
collect2.exe: error: ld returned 1 exit status
make: *** [makefile:69: 01_STM.elf] Error 1
"make -j12 all" terminated with exit code 2. Build might be incomplete.
